<?xml version="1.0" encoding="UTF-8"?>
<!-- Generated by org.testng.reporters.JUnitXMLReporter -->
<testsuite ignored="0" hostname="NVC00996" failures="0" tests="7" name="Posts_API_Tests" time="2.335" errors="0" timestamp="2025-07-10T00:31:44 CEST">
  <testcase classname="com.framework.tests.PostsTests" name="testGetAllPosts" time="0.732"/>
  <testcase classname="com.framework.tests.PostsTests" name="testGetPostById" time="0.268"/>
  <testcase classname="com.framework.tests.PostsTests" name="testCreatePost" time="0.47"/>
  <testcase classname="com.framework.tests.PostsTests" name="testUpdatePost" time="0.322"/>
  <testcase classname="com.framework.tests.PostsTests" name="testDeletePost" time="0.299"/>
  <testcase classname="com.framework.tests.PostsTests" name="testGetPostsByUserId" time="0.124"/>
  <testcase classname="com.framework.tests.PostsTests" name="testGetNonExistentPost" time="0.055"/>
</testsuite> <!-- Posts_API_Tests -->
