<?xml version="1.0" encoding="UTF-8"?>
<testsuite xmlns:xsi="http://www.w3.org/2001/XMLSchema-instance" xsi:noNamespaceSchemaLocation="https://maven.apache.org/surefire/maven-surefire-plugin/xsd/surefire-test-report-3.0.xsd" version="3.0" name="TestSuite" time="3.305" tests="7" errors="0" skipped="0" failures="0">
  <properties>
[...]
</properties>
  <testcase name="testGetAllPosts" classname="com.framework.tests.PostsTests" time="0.715">
    <system-out><![CDATA[00:31:41.895 [main] DEBUG org.testng.TestNG -- suiteXmlPath: "/Users/andrii.shchupliak/Downloads/code_samples/java-rest-assured-api-testing-framework/src/test/resources/testng.xml"
00:31:41.912 [main] INFO org.testng.internal.Utils -- [XmlSuite] [WARN] 'parallel' value 'false' is no longer valid, defaulting to 'none'.
00:31:41.925 [main] WARN org.testng.TestNG -- Ignoring duplicate listener : io.qameta.allure.testng.AllureTestNg
00:31:41.925 [main] WARN org.testng.TestNG -- Ignoring duplicate listener : io.qameta.allure.testng.AllureTestNg
00:31:41.925 [main] WARN org.testng.TestNG -- Ignoring duplicate listener : io.qameta.allure.testng.AllureTestNg
00:31:41.929 [main] WARN org.testng.TestNG -- Ignoring duplicate listener : io.qameta.allure.testng.AllureTestNg
00:31:41.929 [main] WARN org.testng.TestNG -- Ignoring duplicate listener : io.qameta.allure.testng.AllureTestNg
00:31:41.929 [main] WARN org.testng.TestNG -- Ignoring duplicate listener : io.qameta.allure.testng.AllureTestNg
Standard Commons Logging discovery in action with spring-jcl: please remove commons-logging.jar from classpath in order to avoid potential conflicts
Starting test: Get all posts
[PASS] Get all posts test passed
]]></system-out>
    <system-err><![CDATA[ERROR StatusLogger Log4j2 could not find a logging implementation. Please add log4j-core to the classpath. Using SimpleLogger to log to the console...
]]></system-err>
  </testcase>
  <testcase name="testGetPostById" classname="com.framework.tests.PostsTests" time="0.267">
    <system-out><![CDATA[Starting test: Get post by ID
[PASS] Get post by ID test passed
]]></system-out>
  </testcase>
  <testcase name="testCreatePost" classname="com.framework.tests.PostsTests" time="0.47">
    <system-out><![CDATA[Starting test: Create new post
[PASS] Create post test passed
]]></system-out>
  </testcase>
  <testcase name="testUpdatePost" classname="com.framework.tests.PostsTests" time="0.322">
    <system-out><![CDATA[Starting test: Update existing post
[PASS] Update post test passed
]]></system-out>
  </testcase>
  <testcase name="testDeletePost" classname="com.framework.tests.PostsTests" time="0.299">
    <system-out><![CDATA[Starting test: Delete post
[PASS] Delete post test passed
]]></system-out>
  </testcase>
  <testcase name="testGetPostsByUserId" classname="com.framework.tests.PostsTests" time="0.123">
    <system-out><![CDATA[Starting test: Get posts by user ID
[PASS] Get posts by user ID test passed
]]></system-out>
  </testcase>
  <testcase name="testGetNonExistentPost" classname="com.framework.tests.PostsTests" time="0.055">
    <system-out><![CDATA[Starting test: Get non-existent post
[PASS] Get non-existent post test passed
]]></system-out>
  </testcase>
</testsuite>